<?xml version="1.0" encoding="UTF-8"?>
<testng-results skipped="0" failed="0" ignored="0" total="1" passed="1">
  <reporter-output>
  </reporter-output>
  <suite name="Suite" duration-ms="8522" started-at="2018-06-26T12:47:43Z" finished-at="2018-06-26T12:47:51Z">
    <groups>
    </groups>
    <test name="Test" duration-ms="8522" started-at="2018-06-26T12:47:43Z" finished-at="2018-06-26T12:47:51Z">
      <class name="week1.CreateLead">
        <test-method status="PASS" signature="createlead()[pri:0, instance:week1.CreateLead@1caeb3e]" name="createlead" duration-ms="8479" started-at="2018-06-26T12:47:43Z" finished-at="2018-06-26T12:47:51Z">
          <reporter-output>
          </reporter-output>
        </test-method> <!-- createlead -->
      </class> <!-- week1.CreateLead -->
    </test> <!-- Test -->
  </suite> <!-- Suite -->
</testng-results>
