<?xml version="1.0" encoding="UTF-8"?>
<testng-results skipped="0" failed="0" ignored="0" total="1" passed="1">
  <reporter-output>
  </reporter-output>
  <suite name="Default suite" duration-ms="5336" started-at="2018-07-03T08:43:48Z" finished-at="2018-07-03T08:43:53Z">
    <groups>
    </groups>
    <test name="Default test" duration-ms="5336" started-at="2018-07-03T08:43:48Z" finished-at="2018-07-03T08:43:53Z">
      <class name="week1.CreateLead">
        <test-method status="PASS" signature="createlead()[pri:0, instance:week1.CreateLead@198378d]" name="createlead" duration-ms="5263" started-at="2018-07-03T08:43:48Z" finished-at="2018-07-03T08:43:53Z">
          <reporter-output>
          </reporter-output>
        </test-method> <!-- createlead -->
      </class> <!-- week1.CreateLead -->
    </test> <!-- Default test -->
  </suite> <!-- Default suite -->
</testng-results>
